Kylie Outlaw
Input file:  network2.txt

Input:
s b 10
s c 15
s a 20
a b 1
a c 2
a f 4
a e 5
b c 2
c d 3
c e 5
c t 10
d a 30
d b 9
d f 11
d t 20
e d 6
e t 23
f b 13
f e 5

Output: 
s a   flow: 11/20
s b   flow: 1/10
s c   flow: 15/15
a b   flow: 0/1
a c   flow: 2/2
a e   flow: 5/5
a f   flow: 4/4
b c   flow: 1/2
c d   flow: 3/3
c e   flow: 5/5
c t   flow: 10/10
d a   flow: 0/30
d b   flow: 0/9
d f   flow: 0/11
d t   flow: 3/20
e d   flow: 0/6
e t   flow: 14/23
f b   flow: 0/13
f e   flow: 4/5
Max flow in this network is 27